 
****************************************
Report : qor
Design : codix_berkelium_ca
Version: W-2024.09-SP1
Date   : Thu Dec 19 19:12:43 2024
****************************************


  Timing Path Group 'clock'
  -----------------------------------
  Levels of Logic:              25.00
  Critical Path Length:        798.72
  Critical Path Slack:        -202.52
  Critical Path Clk Period:    600.00
  Total Negative Slack:   -1769580.50
  No. of Violating Paths:    14292.00
  Worst Hold Violation:          0.00
  Total Hold Violation:          0.00
  No. of Hold Violations:        0.00
  -----------------------------------


  Cell Count
  -----------------------------------
  Hierarchical Cell Count:        465
  Hierarchical Port Count:       1860
  Leaf Cell Count:             120982
  Buf/Inv Cell Count:           22035
  Buf Cell Count:                2811
  Inv Cell Count:               19224
  CT Buf/Inv Cell Count:            1
  Combinational Cell Count:    102975
  Sequential Cell Count:        18007
  Macro Count:                      0
  -----------------------------------


  Area
  -----------------------------------
  Combinational Area:     8496.130509
  Noncombinational Area:  6572.066156
  Buf/Inv Area:           1293.639662
  Total Buffer Area:           359.41
  Total Inverter Area:         934.23
  Macro/Black Box Area:      0.000000
  Net Area:                  0.000000
  Net XLength        :      431219.31
  Net YLength        :      395256.84
  -----------------------------------
  Cell Area:             15068.196664
  Design Area:           15068.196664
  Net Length        :       826476.12


  Design Rules
  -----------------------------------
  Total Number of Nets:        122790
  Nets With Violations:            81
  Max Trans Violations:            40
  Max Cap Violations:              48
  -----------------------------------


  Hostname: photon

  Compile CPU Statistics
  -----------------------------------------
  Resource Sharing:                    0.00
  Logic Optimization:                  0.00
  Mapping Optimization:              958.47
  -----------------------------------------
  Overall Compile Time:             1050.34
  Overall Compile Wall Clock Time:   153.05

  --------------------------------------------------------------------

  Design  WNS: 202.52  TNS: 1769580.50  Number of Violating Paths: 14292


  Design (Hold)  WNS: 0.00  TNS: 0.00  Number of Violating Paths: 0

  --------------------------------------------------------------------


1
